2019-07-12 12:25:39,522 INFO o.a.j.u.JMeterUtils: Setting Locale to en_EN
2019-07-12 12:25:39,591 INFO o.a.j.JMeter: Loading user properties from: /Users/liuzhanhui/Documents/jmeter/apache-jmeter-5.1.1/bin/user.properties
2019-07-12 12:25:39,595 INFO o.a.j.JMeter: Loading system properties from: /Users/liuzhanhui/Documents/jmeter/apache-jmeter-5.1.1/bin/system.properties
2019-07-12 12:25:39,608 INFO o.a.j.JMeter: Copyright (c) 1998-2019 The Apache Software Foundation
2019-07-12 12:25:39,608 INFO o.a.j.JMeter: Version 5.1.1 r1855137
2019-07-12 12:25:39,608 INFO o.a.j.JMeter: java.version=1.8.0_152
2019-07-12 12:25:39,608 INFO o.a.j.JMeter: java.vm.name=Java HotSpot(TM) 64-Bit Server VM
2019-07-12 12:25:39,608 INFO o.a.j.JMeter: os.name=Mac OS X
2019-07-12 12:25:39,608 INFO o.a.j.JMeter: os.arch=x86_64
2019-07-12 12:25:39,608 INFO o.a.j.JMeter: os.version=10.12.6
2019-07-12 12:25:39,608 INFO o.a.j.JMeter: file.encoding=UTF-8
2019-07-12 12:25:39,608 INFO o.a.j.JMeter: java.awt.headless=true
2019-07-12 12:25:39,608 INFO o.a.j.JMeter: Max memory     =1073741824
2019-07-12 12:25:39,609 INFO o.a.j.JMeter: Available Processors =4
2019-07-12 12:25:39,617 INFO o.a.j.JMeter: Default Locale=English (EN)
2019-07-12 12:25:39,618 INFO o.a.j.JMeter: JMeter  Locale=English (EN)
2019-07-12 12:25:39,619 INFO o.a.j.JMeter: JMeterHome=/Users/liuzhanhui/Documents/jmeter/apache-jmeter-5.1.1
2019-07-12 12:25:39,619 INFO o.a.j.JMeter: user.dir  =/Users/liuzhanhui/workspace/python/dubbo-api
2019-07-12 12:25:39,620 INFO o.a.j.JMeter: PWD       =/Users/liuzhanhui/workspace/python/dubbo-api
2019-07-12 12:25:39,628 INFO o.a.j.JMeter: IP: 172.16.20.214 Name: liuzhanhuideMacBook-Air.local FullName: 172.16.20.214
2019-07-12 12:25:39,632 INFO o.a.j.JMeter: Setting property 'jmeter.reportgenerator.outputdir' to:'/Users/liuzhanhui/Documents/jmeter/project/html/1ec71621f928a26aa663fd5466a0f0f8'
2019-07-12 12:25:39,637 INFO o.a.j.s.FileServer: Default base='/Users/liuzhanhui/workspace/python/dubbo-api'
2019-07-12 12:25:39,643 INFO o.a.j.s.FileServer: Set new base='/Users/liuzhanhui/Documents/jmeter/project/jmx'
2019-07-12 12:25:39,946 INFO o.a.j.s.SaveService: Testplan (JMX) version: 2.2. Testlog (JTL) version: 2.2
2019-07-12 12:25:39,974 INFO o.a.j.s.SaveService: Using SaveService properties file encoding UTF-8
2019-07-12 12:25:39,982 INFO o.a.j.s.SaveService: Using SaveService properties version 5.0
2019-07-12 12:25:39,992 INFO o.a.j.s.SaveService: Loading file: /Users/liuzhanhui/Documents/jmeter/project/jmx/1ec71621f928a26aa663fd5466a0f0f8.jmx
2019-07-12 12:25:40,071 INFO o.a.j.p.h.s.HTTPSamplerBase: Parser for text/html is org.apache.jmeter.protocol.http.parser.LagartoBasedHtmlParser
2019-07-12 12:25:40,071 INFO o.a.j.p.h.s.HTTPSamplerBase: Parser for application/xhtml+xml is org.apache.jmeter.protocol.http.parser.LagartoBasedHtmlParser
2019-07-12 12:25:40,071 INFO o.a.j.p.h.s.HTTPSamplerBase: Parser for application/xml is org.apache.jmeter.protocol.http.parser.LagartoBasedHtmlParser
2019-07-12 12:25:40,071 INFO o.a.j.p.h.s.HTTPSamplerBase: Parser for text/xml is org.apache.jmeter.protocol.http.parser.LagartoBasedHtmlParser
2019-07-12 12:25:40,071 INFO o.a.j.p.h.s.HTTPSamplerBase: Parser for text/vnd.wap.wml is org.apache.jmeter.protocol.http.parser.RegexpHTMLParser
2019-07-12 12:25:40,071 INFO o.a.j.p.h.s.HTTPSamplerBase: Parser for text/css is org.apache.jmeter.protocol.http.parser.CssParser
2019-07-12 12:25:40,085 INFO o.a.j.p.h.c.CookieManager: Settings: Delete null: true Check: true Allow variable: true Save: false Prefix: COOKIE_
2019-07-12 12:25:40,157 INFO o.a.j.s.SampleResult: Note: Sample TimeStamps are START times
2019-07-12 12:25:40,157 INFO o.a.j.s.SampleResult: sampleresult.default.encoding is set to ISO-8859-1
2019-07-12 12:25:40,157 INFO o.a.j.s.SampleResult: sampleresult.useNanoTime=true
2019-07-12 12:25:40,157 INFO o.a.j.s.SampleResult: sampleresult.nanoThreadSleep=5000
2019-07-12 12:25:40,171 INFO o.a.j.JMeter: Creating summariser <summary>
2019-07-12 12:25:40,179 INFO o.a.j.r.d.ReportGenerator: ReportGenerator will use for Parsing the separator: ','
2019-07-12 12:25:40,181 INFO o.a.j.r.d.ReportGenerator: Will generate report at end of test from  results file: /Users/liuzhanhui/Documents/jmeter/project/jtl/1ec71621f928a26aa663fd5466a0f0f8.jtl
2019-07-12 12:25:40,181 INFO o.a.j.r.d.ReportGenerator: Reading report generator properties from: /Users/liuzhanhui/Documents/jmeter/apache-jmeter-5.1.1/bin/reportgenerator.properties
2019-07-12 12:25:40,182 INFO o.a.j.r.d.ReportGenerator: Merging with JMeter properties
2019-07-12 12:25:40,197 INFO o.a.j.r.c.ReportGeneratorConfiguration: Property 'jmeter.reportgenerator.temp_dir' not found, using default value 'temp' instead.
2019-07-12 12:25:40,200 INFO o.a.j.r.c.ReportGeneratorConfiguration: Property 'jmeter.reportgenerator.apdex_per_transaction' not found, using default value 'null' instead.
2019-07-12 12:25:40,200 INFO o.a.j.r.c.ReportGeneratorConfiguration: apdex_per_transaction : {} is empty, not APDEX per transaction customization
2019-07-12 12:25:40,200 INFO o.a.j.r.c.ReportGeneratorConfiguration: Property 'jmeter.reportgenerator.sample_filter' not found, using default value 'null' instead.
2019-07-12 12:25:40,200 INFO o.a.j.r.c.ReportGeneratorConfiguration: Property 'jmeter.reportgenerator.report_title' not found, using default value 'null' instead.
2019-07-12 12:25:40,200 INFO o.a.j.r.c.ReportGeneratorConfiguration: Property 'jmeter.reportgenerator.start_date' not found, using default value 'null' instead.
2019-07-12 12:25:40,200 INFO o.a.j.r.c.ReportGeneratorConfiguration: Property 'jmeter.reportgenerator.end_date' not found, using default value 'null' instead.
2019-07-12 12:25:40,201 INFO o.a.j.r.c.ReportGeneratorConfiguration: Property 'jmeter.reportgenerator.date_format' not found, using default value 'null' instead.
2019-07-12 12:25:40,201 INFO o.a.j.r.c.ReportGeneratorConfiguration: Will use date range start date: null, end date: null
2019-07-12 12:25:40,209 INFO o.a.j.r.c.ReportGeneratorConfiguration: Property 'jmeter.reportgenerator.graph.totalTPS.exclude_controllers' not found, using default value 'false' instead.
2019-07-12 12:25:40,210 INFO o.a.j.r.c.ReportGeneratorConfiguration: Property 'jmeter.reportgenerator.graph.activeThreadsOverTime.exclude_controllers' not found, using default value 'false' instead.
2019-07-12 12:25:40,210 INFO o.a.j.r.c.ReportGeneratorConfiguration: Property 'jmeter.reportgenerator.graph.timeVsThreads.exclude_controllers' not found, using default value 'false' instead.
2019-07-12 12:25:40,210 INFO o.a.j.r.c.ReportGeneratorConfiguration: Property 'jmeter.reportgenerator.graph.responseTimeDistribution.exclude_controllers' not found, using default value 'false' instead.
2019-07-12 12:25:40,210 INFO o.a.j.r.c.ReportGeneratorConfiguration: Property 'jmeter.reportgenerator.graph.transactionsPerSecond.exclude_controllers' not found, using default value 'false' instead.
2019-07-12 12:25:40,210 INFO o.a.j.r.c.ReportGeneratorConfiguration: Property 'jmeter.reportgenerator.graph.responseTimePercentiles.exclude_controllers' not found, using default value 'false' instead.
2019-07-12 12:25:40,210 INFO o.a.j.r.c.ReportGeneratorConfiguration: Property 'jmeter.reportgenerator.graph.responseTimePercentilesOverTime.exclude_controllers' not found, using default value 'false' instead.
2019-07-12 12:25:40,210 INFO o.a.j.r.c.ReportGeneratorConfiguration: Property 'jmeter.reportgenerator.graph.responseTimesOverTime.exclude_controllers' not found, using default value 'false' instead.
2019-07-12 12:25:40,211 INFO o.a.j.r.c.ReportGeneratorConfiguration: Property 'jmeter.reportgenerator.graph.connectTimeOverTime.exclude_controllers' not found, using default value 'false' instead.
2019-07-12 12:25:40,211 INFO o.a.j.r.c.ReportGeneratorConfiguration: Property 'jmeter.reportgenerator.graph.latenciesOverTime.exclude_controllers' not found, using default value 'false' instead.
2019-07-12 12:25:40,213 INFO o.a.j.r.c.ReportGeneratorConfiguration: Property 'jmeter.reportgenerator.exporter.json.filters_only_sample_series' not found, using default value 'true' instead.
2019-07-12 12:25:40,213 INFO o.a.j.r.c.ReportGeneratorConfiguration: Property 'jmeter.reportgenerator.exporter.json.series_filter' not found, using default value '' instead.
2019-07-12 12:25:40,213 INFO o.a.j.r.c.ReportGeneratorConfiguration: Property 'jmeter.reportgenerator.exporter.json.show_controllers_only' not found, using default value 'false' instead.
2019-07-12 12:25:40,214 INFO o.a.j.r.c.ReportGeneratorConfiguration: Property 'jmeter.reportgenerator.exporter.html.filters_only_sample_series' not found, using default value 'true' instead.
2019-07-12 12:25:40,214 INFO o.a.j.r.c.ReportGeneratorConfiguration: Property 'jmeter.reportgenerator.exporter.html.series_filter' not found, using default value '' instead.
2019-07-12 12:25:40,214 INFO o.a.j.r.c.ReportGeneratorConfiguration: Property 'jmeter.reportgenerator.exporter.html.show_controllers_only' not found, using default value 'false' instead.
2019-07-12 12:25:40,220 INFO o.a.j.e.StandardJMeterEngine: Running the test!
2019-07-12 12:25:40,221 INFO o.a.j.s.SampleEvent: List of sample_variables: []
2019-07-12 12:25:40,221 INFO o.a.j.s.SampleEvent: List of sample_variables: []
2019-07-12 12:25:40,230 INFO o.a.j.e.u.CompoundVariable: Note: Function class names must contain the string: '.functions.'
2019-07-12 12:25:40,230 INFO o.a.j.e.u.CompoundVariable: Note: Function class names must not contain the string: '.gui.'
2019-07-12 12:25:41,585 INFO o.a.j.v.b.BackendListener: Backend Listener: Starting worker with class: class org.apache.jmeter.visualizers.backend.graphite.GraphiteBackendListenerClient and queue capacity: 5000
2019-07-12 12:25:41,587 INFO o.a.j.v.b.BackendListener: Backend Listener: Started  worker with class: class org.apache.jmeter.visualizers.backend.graphite.GraphiteBackendListenerClient
2019-07-12 12:25:41,613 INFO o.a.j.v.b.g.TextGraphiteMetricsSender: Created TextGraphiteMetricsSender with host: localhost, port: 2003, prefix: jmeter.
2019-07-12 12:25:41,624 INFO o.a.j.JMeter: Running test (1562905541624)
2019-07-12 12:25:41,707 INFO o.a.j.e.StandardJMeterEngine: Starting ThreadGroup: 1 : 首评心智
2019-07-12 12:25:41,707 INFO o.a.j.e.StandardJMeterEngine: Starting 10 threads for group 首评心智.
2019-07-12 12:25:41,707 INFO o.a.j.e.StandardJMeterEngine: Thread will continue on error
2019-07-12 12:25:41,707 INFO o.a.j.t.ThreadGroup: Starting thread group... number=1 threads=10 ramp-up=1 delayedStart=false
2019-07-12 12:25:41,720 INFO o.a.j.t.JMeterThread: Thread started: 首评心智 1-1
2019-07-12 12:25:41,732 INFO o.a.j.t.ThreadGroup: Started thread group number 1
2019-07-12 12:25:41,732 INFO o.a.j.e.StandardJMeterEngine: All thread groups have been started
2019-07-12 12:25:41,816 INFO o.a.j.t.JMeterThread: Thread started: 首评心智 1-2
2019-07-12 12:25:41,913 INFO o.a.j.t.JMeterThread: Thread started: 首评心智 1-3
2019-07-12 12:25:42,014 INFO o.a.j.t.JMeterThread: Thread started: 首评心智 1-4
2019-07-12 12:25:42,115 INFO o.a.j.t.JMeterThread: Thread started: 首评心智 1-5
2019-07-12 12:25:42,217 INFO o.a.j.t.JMeterThread: Thread started: 首评心智 1-6
2019-07-12 12:25:42,311 INFO o.a.j.t.JMeterThread: Thread started: 首评心智 1-7
2019-07-12 12:25:42,412 INFO o.a.j.t.JMeterThread: Thread started: 首评心智 1-8
2019-07-12 12:25:42,512 INFO o.a.j.t.JMeterThread: Thread started: 首评心智 1-9
2019-07-12 12:25:42,551 INFO o.a.j.p.h.s.HTTPHCAbstractImpl: Local host = liuzhanhuideMacBook-Air.local
2019-07-12 12:25:42,562 INFO o.a.j.p.h.s.HTTPHC4Impl: HTTP request retry count = 0
2019-07-12 12:25:42,609 INFO o.a.j.t.JMeterThread: Thread started: 首评心智 1-10
2019-07-12 12:25:42,668 ERROR o.a.j.v.b.g.TextGraphiteMetricsSender: Error writing to Graphite: Connection refused (Connection refused)
2019-07-12 12:25:42,817 INFO o.a.j.p.h.s.h.LazyLayeredConnectionSocketFactory: Setting up HTTPS TrustAll Socket Factory
2019-07-12 12:25:42,828 INFO o.a.j.u.JsseSSLManager: Using default SSL protocol: TLS
2019-07-12 12:25:42,828 INFO o.a.j.u.JsseSSLManager: SSL session context: per-thread
2019-07-12 12:25:43,045 INFO o.a.j.u.SSLManager: JmeterKeyStore Location:  type JKS
2019-07-12 12:25:43,047 INFO o.a.j.u.SSLManager: KeyStore created OK
2019-07-12 12:25:43,047 WARN o.a.j.u.SSLManager: Keystore file not found, loading empty keystore
2019-07-12 12:25:43,629 ERROR o.a.j.v.b.g.TextGraphiteMetricsSender: Error writing to Graphite: Connection refused (Connection refused)
2019-07-12 12:25:44,619 ERROR o.a.j.v.b.g.TextGraphiteMetricsSender: Error writing to Graphite: Connection refused (Connection refused)
2019-07-12 12:25:45,619 ERROR o.a.j.v.b.g.TextGraphiteMetricsSender: Error writing to Graphite: Connection refused (Connection refused)
2019-07-12 12:25:46,618 ERROR o.a.j.v.b.g.TextGraphiteMetricsSender: Error writing to Graphite: Connection refused (Connection refused)
2019-07-12 12:25:47,618 ERROR o.a.j.v.b.g.TextGraphiteMetricsSender: Error writing to Graphite: Connection refused (Connection refused)
2019-07-12 12:25:48,621 ERROR o.a.j.v.b.g.TextGraphiteMetricsSender: Error writing to Graphite: Connection refused (Connection refused)
2019-07-12 12:25:49,617 ERROR o.a.j.v.b.g.TextGraphiteMetricsSender: Error writing to Graphite: Connection refused (Connection refused)
2019-07-12 12:25:50,629 ERROR o.a.j.v.b.g.TextGraphiteMetricsSender: Error writing to Graphite: Connection refused (Connection refused)
2019-07-12 12:25:51,619 ERROR o.a.j.v.b.g.TextGraphiteMetricsSender: Error writing to Graphite: Connection refused (Connection refused)
2019-07-12 12:25:52,618 ERROR o.a.j.v.b.g.TextGraphiteMetricsSender: Error writing to Graphite: Connection refused (Connection refused)
2019-07-12 12:25:53,617 ERROR o.a.j.v.b.g.TextGraphiteMetricsSender: Error writing to Graphite: Connection refused (Connection refused)
2019-07-12 12:25:54,622 ERROR o.a.j.v.b.g.TextGraphiteMetricsSender: Error writing to Graphite: Connection refused (Connection refused)
2019-07-12 12:25:55,618 ERROR o.a.j.v.b.g.TextGraphiteMetricsSender: Error writing to Graphite: Connection refused (Connection refused)
2019-07-12 12:25:56,621 ERROR o.a.j.v.b.g.TextGraphiteMetricsSender: Error writing to Graphite: Connection refused (Connection refused)
2019-07-12 12:25:57,619 ERROR o.a.j.v.b.g.TextGraphiteMetricsSender: Error writing to Graphite: Connection refused (Connection refused)
2019-07-12 12:25:58,620 ERROR o.a.j.v.b.g.TextGraphiteMetricsSender: Error writing to Graphite: Connection refused (Connection refused)
2019-07-12 12:25:59,619 ERROR o.a.j.v.b.g.TextGraphiteMetricsSender: Error writing to Graphite: Connection refused (Connection refused)
2019-07-12 12:26:00,025 INFO o.a.j.r.Summariser: summary +   1044 in 00:00:18 =   56.7/s Avg:   162 Min:   120 Max:   657 Err:     0 (0.00%) Active: 10 Started: 10 Finished: 0
2019-07-12 12:26:00,620 ERROR o.a.j.v.b.g.TextGraphiteMetricsSender: Error writing to Graphite: Connection refused (Connection refused)
2019-07-12 12:26:01,619 ERROR o.a.j.v.b.g.TextGraphiteMetricsSender: Error writing to Graphite: Connection refused (Connection refused)
2019-07-12 12:26:02,617 ERROR o.a.j.v.b.g.TextGraphiteMetricsSender: Error writing to Graphite: Connection refused (Connection refused)
2019-07-12 12:26:03,634 ERROR o.a.j.v.b.g.TextGraphiteMetricsSender: Error writing to Graphite: Connection refused (Connection refused)
2019-07-12 12:26:04,618 ERROR o.a.j.v.b.g.TextGraphiteMetricsSender: Error writing to Graphite: Connection refused (Connection refused)
2019-07-12 12:26:05,617 ERROR o.a.j.v.b.g.TextGraphiteMetricsSender: Error writing to Graphite: Connection refused (Connection refused)
2019-07-12 12:26:06,618 ERROR o.a.j.v.b.g.TextGraphiteMetricsSender: Error writing to Graphite: Connection refused (Connection refused)
2019-07-12 12:26:07,619 ERROR o.a.j.v.b.g.TextGraphiteMetricsSender: Error writing to Graphite: Connection refused (Connection refused)
2019-07-12 12:26:08,621 ERROR o.a.j.v.b.g.TextGraphiteMetricsSender: Error writing to Graphite: Connection refused (Connection refused)
2019-07-12 12:26:09,619 ERROR o.a.j.v.b.g.TextGraphiteMetricsSender: Error writing to Graphite: Connection refused (Connection refused)
2019-07-12 12:26:10,617 ERROR o.a.j.v.b.g.TextGraphiteMetricsSender: Error writing to Graphite: Connection refused (Connection refused)
2019-07-12 12:26:11,621 ERROR o.a.j.v.b.g.TextGraphiteMetricsSender: Error writing to Graphite: Connection refused (Connection refused)
2019-07-12 12:26:12,617 ERROR o.a.j.v.b.g.TextGraphiteMetricsSender: Error writing to Graphite: Connection refused (Connection refused)
2019-07-12 12:26:13,620 ERROR o.a.j.v.b.g.TextGraphiteMetricsSender: Error writing to Graphite: Connection refused (Connection refused)
2019-07-12 12:26:14,620 ERROR o.a.j.v.b.g.TextGraphiteMetricsSender: Error writing to Graphite: Connection refused (Connection refused)
2019-07-12 12:26:15,621 ERROR o.a.j.v.b.g.TextGraphiteMetricsSender: Error writing to Graphite: Connection refused (Connection refused)
2019-07-12 12:26:16,622 ERROR o.a.j.v.b.g.TextGraphiteMetricsSender: Error writing to Graphite: Connection refused (Connection refused)
2019-07-12 12:26:17,619 ERROR o.a.j.v.b.g.TextGraphiteMetricsSender: Error writing to Graphite: Connection refused (Connection refused)
2019-07-12 12:26:18,621 ERROR o.a.j.v.b.g.TextGraphiteMetricsSender: Error writing to Graphite: Connection refused (Connection refused)
2019-07-12 12:26:19,621 ERROR o.a.j.v.b.g.TextGraphiteMetricsSender: Error writing to Graphite: Connection refused (Connection refused)
2019-07-12 12:26:20,618 ERROR o.a.j.v.b.g.TextGraphiteMetricsSender: Error writing to Graphite: Connection refused (Connection refused)
2019-07-12 12:26:21,622 ERROR o.a.j.v.b.g.TextGraphiteMetricsSender: Error writing to Graphite: Connection refused (Connection refused)
2019-07-12 12:26:22,618 ERROR o.a.j.v.b.g.TextGraphiteMetricsSender: Error writing to Graphite: Connection refused (Connection refused)
2019-07-12 12:26:23,620 ERROR o.a.j.v.b.g.TextGraphiteMetricsSender: Error writing to Graphite: Connection refused (Connection refused)
2019-07-12 12:26:24,618 ERROR o.a.j.v.b.g.TextGraphiteMetricsSender: Error writing to Graphite: Connection refused (Connection refused)
2019-07-12 12:26:25,618 ERROR o.a.j.v.b.g.TextGraphiteMetricsSender: Error writing to Graphite: Connection refused (Connection refused)
2019-07-12 12:26:26,619 ERROR o.a.j.v.b.g.TextGraphiteMetricsSender: Error writing to Graphite: Connection refused (Connection refused)
2019-07-12 12:26:27,620 ERROR o.a.j.v.b.g.TextGraphiteMetricsSender: Error writing to Graphite: Connection refused (Connection refused)
2019-07-12 12:26:28,621 ERROR o.a.j.v.b.g.TextGraphiteMetricsSender: Error writing to Graphite: Connection refused (Connection refused)
2019-07-12 12:26:29,621 ERROR o.a.j.v.b.g.TextGraphiteMetricsSender: Error writing to Graphite: Connection refused (Connection refused)
2019-07-12 12:26:30,090 INFO o.a.j.r.Summariser: summary +   1849 in 00:00:30 =   61.5/s Avg:   161 Min:   120 Max:   611 Err:     0 (0.00%) Active: 10 Started: 10 Finished: 0
2019-07-12 12:26:30,090 INFO o.a.j.r.Summariser: summary =   2893 in 00:00:48 =   59.7/s Avg:   161 Min:   120 Max:   657 Err:     0 (0.00%)
2019-07-12 12:26:30,620 ERROR o.a.j.v.b.g.TextGraphiteMetricsSender: Error writing to Graphite: Connection refused (Connection refused)
2019-07-12 12:26:31,621 ERROR o.a.j.v.b.g.TextGraphiteMetricsSender: Error writing to Graphite: Connection refused (Connection refused)
2019-07-12 12:26:32,621 ERROR o.a.j.v.b.g.TextGraphiteMetricsSender: Error writing to Graphite: Connection refused (Connection refused)
2019-07-12 12:26:33,621 ERROR o.a.j.v.b.g.TextGraphiteMetricsSender: Error writing to Graphite: Connection refused (Connection refused)
2019-07-12 12:26:34,621 ERROR o.a.j.v.b.g.TextGraphiteMetricsSender: Error writing to Graphite: Connection refused (Connection refused)
2019-07-12 12:26:35,620 ERROR o.a.j.v.b.g.TextGraphiteMetricsSender: Error writing to Graphite: Connection refused (Connection refused)
2019-07-12 12:26:36,623 ERROR o.a.j.v.b.g.TextGraphiteMetricsSender: Error writing to Graphite: Connection refused (Connection refused)
2019-07-12 12:26:37,618 ERROR o.a.j.v.b.g.TextGraphiteMetricsSender: Error writing to Graphite: Connection refused (Connection refused)
2019-07-12 12:26:38,620 ERROR o.a.j.v.b.g.TextGraphiteMetricsSender: Error writing to Graphite: Connection refused (Connection refused)
2019-07-12 12:26:39,622 ERROR o.a.j.v.b.g.TextGraphiteMetricsSender: Error writing to Graphite: Connection refused (Connection refused)
2019-07-12 12:26:40,620 ERROR o.a.j.v.b.g.TextGraphiteMetricsSender: Error writing to Graphite: Connection refused (Connection refused)
2019-07-12 12:26:41,621 ERROR o.a.j.v.b.g.TextGraphiteMetricsSender: Error writing to Graphite: Connection refused (Connection refused)
2019-07-12 12:26:41,734 INFO o.a.j.t.JMeterThread: Stopping because end time detected by thread: 首评心智 1-8
2019-07-12 12:26:41,734 INFO o.a.j.t.JMeterThread: Thread finished: 首评心智 1-8
2019-07-12 12:26:41,742 INFO o.a.j.t.JMeterThread: Stopping because end time detected by thread: 首评心智 1-3
2019-07-12 12:26:41,743 INFO o.a.j.t.JMeterThread: Stopping because end time detected by thread: 首评心智 1-1
2019-07-12 12:26:41,743 INFO o.a.j.t.JMeterThread: Thread finished: 首评心智 1-3
2019-07-12 12:26:41,743 INFO o.a.j.t.JMeterThread: Thread finished: 首评心智 1-1
2019-07-12 12:26:41,743 INFO o.a.j.t.JMeterThread: Stopping because end time detected by thread: 首评心智 1-2
2019-07-12 12:26:41,743 INFO o.a.j.t.JMeterThread: Thread finished: 首评心智 1-2
2019-07-12 12:26:41,824 INFO o.a.j.t.JMeterThread: Stopping because end time detected by thread: 首评心智 1-5
2019-07-12 12:26:41,824 INFO o.a.j.t.JMeterThread: Thread finished: 首评心智 1-5
2019-07-12 12:26:41,829 INFO o.a.j.t.JMeterThread: Stopping because end time detected by thread: 首评心智 1-6
2019-07-12 12:26:41,829 INFO o.a.j.t.JMeterThread: Thread finished: 首评心智 1-6
2019-07-12 12:26:41,835 INFO o.a.j.t.JMeterThread: Stopping because end time detected by thread: 首评心智 1-4
2019-07-12 12:26:41,835 INFO o.a.j.t.JMeterThread: Stopping because end time detected by thread: 首评心智 1-10
2019-07-12 12:26:41,835 INFO o.a.j.t.JMeterThread: Thread finished: 首评心智 1-4
2019-07-12 12:26:41,835 INFO o.a.j.t.JMeterThread: Thread finished: 首评心智 1-10
2019-07-12 12:26:41,855 INFO o.a.j.t.JMeterThread: Stopping because end time detected by thread: 首评心智 1-7
2019-07-12 12:26:41,855 INFO o.a.j.t.JMeterThread: Thread finished: 首评心智 1-7
2019-07-12 12:26:41,933 INFO o.a.j.t.JMeterThread: Stopping because end time detected by thread: 首评心智 1-9
2019-07-12 12:26:41,933 INFO o.a.j.t.JMeterThread: Thread finished: 首评心智 1-9
2019-07-12 12:26:41,934 INFO o.a.j.e.StandardJMeterEngine: Notifying test listeners of end of test
2019-07-12 12:26:41,934 INFO o.a.j.v.b.BackendListener: Worker ended
2019-07-12 12:26:41,937 ERROR o.a.j.v.b.g.TextGraphiteMetricsSender: Error writing to Graphite: Connection refused (Connection refused)
2019-07-12 12:26:41,939 INFO o.a.j.r.Summariser: summary +    690 in 00:00:12 =   58.2/s Avg:   170 Min:   122 Max:   398 Err:     0 (0.00%) Active: 0 Started: 10 Finished: 10
2019-07-12 12:26:41,940 INFO o.a.j.r.Summariser: summary =   3583 in 00:01:00 =   59.4/s Avg:   163 Min:   120 Max:   657 Err:     0 (0.00%)
2019-07-12 12:26:41,940 INFO o.a.j.JMeter: Generating Dashboard
2019-07-12 12:26:41,940 INFO o.a.j.r.d.ReportGenerator: Flushing result collector before report Generation
2019-07-12 12:26:41,991 INFO o.a.j.r.p.NormalizerSampleConsumer: Using format, 'ms', to parse timeStamp field
2019-07-12 12:26:42,379 INFO o.a.j.r.p.AbstractSampleConsumer: class org.apache.jmeter.report.processor.AggregateConsumer#stopProducing(): beginDate produced 0 samples
2019-07-12 12:26:42,379 INFO o.a.j.r.p.AbstractSampleConsumer: class org.apache.jmeter.report.processor.AggregateConsumer#stopProducing(): endDate produced 0 samples
2019-07-12 12:26:42,386 INFO o.a.j.r.p.AbstractSampleConsumer: class org.apache.jmeter.report.processor.ApdexSummaryConsumer#stopProducing(): apdexSummary produced 0 samples
2019-07-12 12:26:42,386 INFO o.a.j.r.p.AbstractSampleConsumer: class org.apache.jmeter.report.processor.RequestsSummaryConsumer#stopProducing(): requestsSummary produced 0 samples
2019-07-12 12:26:42,388 INFO o.a.j.r.p.AbstractSampleConsumer: class org.apache.jmeter.report.processor.StatisticsSummaryConsumer#stopProducing(): statisticsSummary produced 0 samples
2019-07-12 12:26:42,396 INFO o.a.j.r.p.AbstractSampleConsumer: class org.apache.jmeter.report.processor.Top5ErrorsBySamplerConsumer#stopProducing(): top5ErrorsBySampler produced 0 samples
2019-07-12 12:26:42,396 INFO o.a.j.r.p.AbstractSampleConsumer: class org.apache.jmeter.report.processor.ErrorsSummaryConsumer#stopProducing(): errorsSummary produced 0 samples
2019-07-12 12:26:42,396 INFO o.a.j.r.p.AbstractSampleConsumer: class org.apache.jmeter.report.processor.graph.impl.HitsPerSecondGraphConsumer#stopProducing(): hitsPerSecond produced 0 samples
2019-07-12 12:26:42,500 INFO o.a.j.r.p.AbstractSampleConsumer: class org.apache.jmeter.report.processor.graph.impl.LatencyVSRequestGraphConsumer#stopProducing(): latencyVsRequest produced 0 samples
2019-07-12 12:26:42,501 INFO o.a.j.r.p.AbstractSampleConsumer: class org.apache.jmeter.report.processor.graph.impl.SyntheticResponseTimeDistributionGraphConsumer#stopProducing(): syntheticResponseTimeDistribution produced 0 samples
2019-07-12 12:26:42,502 INFO o.a.j.r.p.AbstractSampleConsumer: class org.apache.jmeter.report.processor.graph.impl.BytesThroughputGraphConsumer#stopProducing(): bytesThroughputOverTime produced 0 samples
2019-07-12 12:26:42,502 INFO o.a.j.r.p.AbstractSampleConsumer: class org.apache.jmeter.report.processor.graph.impl.CodesPerSecondGraphConsumer#stopProducing(): codesPerSecond produced 0 samples
2019-07-12 12:26:42,570 INFO o.a.j.r.p.AbstractSampleConsumer: class org.apache.jmeter.report.processor.graph.impl.ResponseTimeVSRequestGraphConsumer#stopProducing(): responseTimeVsRequest produced 0 samples
2019-07-12 12:26:42,571 INFO o.a.j.r.p.AbstractSampleConsumer: class org.apache.jmeter.report.processor.FilterConsumer#stopProducing(): startIntervalControlerFilter produced 25081 samples
2019-07-12 12:26:42,571 INFO o.a.j.r.p.AbstractSampleConsumer: class org.apache.jmeter.report.processor.graph.impl.TotalTPSGraphConsumer#stopProducing(): totalTPS produced 0 samples
2019-07-12 12:26:42,571 INFO o.a.j.r.p.AbstractSampleConsumer: class org.apache.jmeter.report.processor.graph.impl.ActiveThreadsGraphConsumer#stopProducing(): activeThreadsOverTime produced 0 samples
2019-07-12 12:26:42,572 INFO o.a.j.r.p.AbstractSampleConsumer: class org.apache.jmeter.report.processor.graph.impl.TimeVSThreadGraphConsumer#stopProducing(): timeVsThreads produced 0 samples
2019-07-12 12:26:42,572 INFO o.a.j.r.p.AbstractSampleConsumer: class org.apache.jmeter.report.processor.graph.impl.ResponseTimeDistributionGraphConsumer#stopProducing(): responseTimeDistribution produced 0 samples
2019-07-12 12:26:42,572 INFO o.a.j.r.p.AbstractSampleConsumer: class org.apache.jmeter.report.processor.graph.impl.TransactionsPerSecondGraphConsumer#stopProducing(): transactionsPerSecond produced 0 samples
2019-07-12 12:26:42,572 INFO o.a.j.r.p.AbstractSampleConsumer: class org.apache.jmeter.report.processor.graph.impl.ResponseTimePercentilesGraphConsumer#stopProducing(): responseTimePercentiles produced 0 samples
2019-07-12 12:26:42,574 INFO o.a.j.r.p.AbstractSampleConsumer: class org.apache.jmeter.report.processor.graph.impl.ResponseTimePercentilesOverTimeGraphConsumer#stopProducing(): responseTimePercentilesOverTime produced 0 samples
2019-07-12 12:26:42,575 INFO o.a.j.r.p.AbstractSampleConsumer: class org.apache.jmeter.report.processor.graph.impl.ResponseTimeOverTimeGraphConsumer#stopProducing(): responseTimesOverTime produced 0 samples
2019-07-12 12:26:42,575 INFO o.a.j.r.p.AbstractSampleConsumer: class org.apache.jmeter.report.processor.graph.impl.ConnectTimeOverTimeGraphConsumer#stopProducing(): connectTimeOverTime produced 0 samples
2019-07-12 12:26:42,575 INFO o.a.j.r.p.AbstractSampleConsumer: class org.apache.jmeter.report.processor.graph.impl.LatencyOverTimeGraphConsumer#stopProducing(): latenciesOverTime produced 0 samples
2019-07-12 12:26:42,575 INFO o.a.j.r.p.AbstractSampleConsumer: class org.apache.jmeter.report.processor.FilterConsumer#stopProducing(): nameFilter produced 53745 samples
2019-07-12 12:26:42,575 INFO o.a.j.r.p.AbstractSampleConsumer: class org.apache.jmeter.report.processor.FilterConsumer#stopProducing(): dateRangeFilter produced 10749 samples
2019-07-12 12:26:42,575 INFO o.a.j.r.p.AbstractSampleConsumer: class org.apache.jmeter.report.processor.NormalizerSampleConsumer#stopProducing(): normalizer produced 3583 samples
2019-07-12 12:26:42,576 INFO o.a.j.r.p.CsvFileSampleSource: produce(): 3583 samples produced in 546ms on channel 0
2019-07-12 12:26:42,576 INFO o.a.j.r.d.ReportGenerator: Exporting data using exporter:'json' of className:'org.apache.jmeter.report.dashboard.JsonExporter'
2019-07-12 12:26:42,579 INFO o.a.j.r.d.JsonExporter: Found data for consumer statisticsSummary in context
2019-07-12 12:26:42,579 INFO o.a.j.r.d.JsonExporter: Creating statistics for overall
2019-07-12 12:26:42,580 INFO o.a.j.r.d.JsonExporter: Creating statistics for other transactions
2019-07-12 12:26:42,581 INFO o.a.j.r.d.JsonExporter: Checking output folder
2019-07-12 12:26:42,582 INFO o.a.j.r.d.JsonExporter: Writing statistics JSON to /Users/liuzhanhui/Documents/jmeter/project/html/1ec71621f928a26aa663fd5466a0f0f8/statistics.json
2019-07-12 12:26:43,095 INFO o.a.j.r.d.ReportGenerator: Exporting data using exporter:'html' of className:'org.apache.jmeter.report.dashboard.HtmlTemplateExporter'
2019-07-12 12:26:43,098 INFO o.a.j.r.d.HtmlTemplateExporter: Will generate dashboard in folder: /Users/liuzhanhui/Documents/jmeter/project/html/1ec71621f928a26aa663fd5466a0f0f8
2019-07-12 12:26:43,304 INFO o.a.j.r.d.HtmlTemplateExporter: Report will be generated in: /Users/liuzhanhui/Documents/jmeter/project/html/1ec71621f928a26aa663fd5466a0f0f8, creating folder structure
2019-07-12 12:26:43,309 INFO o.a.j.r.d.TemplateVisitor: Copying folder from '/Users/liuzhanhui/Documents/jmeter/apache-jmeter-5.1.1/bin/report-template' to '/Users/liuzhanhui/Documents/jmeter/project/html/1ec71621f928a26aa663fd5466a0f0f8', got message:[/Users/liuzhanhui/Documents/jmeter/project/html/1ec71621f928a26aa663fd5466a0f0f8/statistics.json], found non empty folder with following content {}, will be ignored
2019-07-12 12:26:44,043 INFO o.a.j.JMeter: Dashboard generated
